[0107/111421.271:ERROR:process_info.cc(632)] range at 0xe9f139f800000000, size 0x27c fully unreadable
[0107/111421.272:ERROR:process_info.cc(632)] range at 0xe9f13a5e00000000, size 0x27c fully unreadable
[0107/111421.272:ERROR:process_info.cc(632)] range at 0x0, size 0x27c fully unreadable
[0107/111426.730:ERROR:process_info.cc(632)] range at 0xc61739f800000000, size 0x1a0 fully unreadable
[0107/111426.730:ERROR:process_info.cc(632)] range at 0xc6173a5e00000000, size 0x1a0 fully unreadable
[0107/111426.730:ERROR:process_info.cc(632)] range at 0x0, size 0x1a0 fully unreadable
[0307/124919.925:ERROR:process_info.cc(380)] UncheckedAllocate
[0307/125131.421:ERROR:process_info.cc(380)] UncheckedAllocate
[0307/145114.341:ERROR:process_info.cc(380)] UncheckedAllocate
[0307/150016.645:ERROR:process_info.cc(380)] UncheckedAllocate
[0307/150027.728:ERROR:process_info.cc(380)] UncheckedAllocate
[0314/154223.416:ERROR:process_info.cc(380)] UncheckedAllocate
[0321/123723.993:ERROR:process_info.cc(380)] UncheckedAllocate
[0321/123724.019:ERROR:file_io.cc(134)] WriteFile: There is not enough space on the disk. (0x70)
[0321/123724.020:ERROR:crash_report_exception_handler.cc(116)] WriteEverything failed
[0322/123849.039:ERROR:process_info.cc(380)] UncheckedAllocate
[0322/123913.908:ERROR:process_info.cc(380)] UncheckedAllocate
[0322/123913.915:ERROR:process_info.cc(380)] UncheckedAllocate
[0322/124009.156:ERROR:process_info.cc(380)] UncheckedAllocate
[0323/142359.755:ERROR:process_info.cc(380)] UncheckedAllocate
[0323/142359.768:ERROR:file_io.cc(134)] WriteFile: There is not enough space on the disk. (0x70)
[0323/142359.769:ERROR:crash_report_exception_handler.cc(116)] WriteEverything failed
[0323/142402.608:ERROR:process_info.cc(380)] UncheckedAllocate
[0323/142402.621:ERROR:file_io.cc(134)] WriteFile: There is not enough space on the disk. (0x70)
[0323/142402.621:ERROR:crash_report_exception_handler.cc(116)] WriteEverything failed
[0323/161844.393:ERROR:process_info.cc(380)] UncheckedAllocate
[0306/173511.175:ERROR:prune_crash_reports.cc(34)] PruneCrashReportDatabase: Failed to get pending reports
[0306/184346.719:ERROR:prune_crash_reports.cc(34)] PruneCrashReportDatabase: Failed to get pending reports
[0312/114821.624:ERROR:prune_crash_reports.cc(34)] PruneCrashReportDatabase: Failed to get pending reports
[0312/125656.822:ERROR:prune_crash_reports.cc(34)] PruneCrashReportDatabase: Failed to get pending reports
[0509/144454.761:ERROR:prune_crash_reports.cc(34)] PruneCrashReportDatabase: Failed to get pending reports
[0510/200403.255:ERROR:prune_crash_reports.cc(34)] PruneCrashReportDatabase: Failed to get pending reports
[0510/201328.224:ERROR:prune_crash_reports.cc(34)] PruneCrashReportDatabase: Failed to get pending reports
[0510/201851.938:ERROR:prune_crash_reports.cc(34)] PruneCrashReportDatabase: Failed to get pending reports
[0510/202444.354:ERROR:prune_crash_reports.cc(34)] PruneCrashReportDatabase: Failed to get pending reports
[0515/124552.725:ERROR:prune_crash_reports.cc(34)] PruneCrashReportDatabase: Failed to get pending reports
[0515/150305.784:ERROR:prune_crash_reports.cc(34)] PruneCrashReportDatabase: Failed to get pending reports
[0520/125012.138:ERROR:prune_crash_reports.cc(34)] PruneCrashReportDatabase: Failed to get pending reports
[0520/154931.165:ERROR:prune_crash_reports.cc(34)] PruneCrashReportDatabase: Failed to get pending reports
[0523/135433.613:ERROR:prune_crash_reports.cc(34)] PruneCrashReportDatabase: Failed to get pending reports
[0523/161146.662:ERROR:prune_crash_reports.cc(34)] PruneCrashReportDatabase: Failed to get pending reports
[0523/212049.786:ERROR:prune_crash_reports.cc(34)] PruneCrashReportDatabase: Failed to get pending reports
[0524/194707.079:ERROR:prune_crash_reports.cc(34)] PruneCrashReportDatabase: Failed to get pending reports
[0526/181200.613:ERROR:file_io_win.cc(170)] CreateFile C:\Users\VAAKAR~1\AppData\Local\Temp\scoped_dir12448_14358\Crashpad\reports\c535bbc1-7b5f-4ddd-ac9e-7953ad8bf5be.dmp: The system cannot find the path specified. (0x3)
[0526/181200.645:ERROR:crash_report_exception_handler.cc(97)] PrepareNewCrashReport failed
[0528/115109.973:ERROR:prune_crash_reports.cc(34)] PruneCrashReportDatabase: Failed to get pending reports
[0528/205417.057:ERROR:prune_crash_reports.cc(34)] PruneCrashReportDatabase: Failed to get pending reports
[0529/112620.918:ERROR:prune_crash_reports.cc(34)] PruneCrashReportDatabase: Failed to get pending reports
[0529/113047.562:ERROR:prune_crash_reports.cc(34)] PruneCrashReportDatabase: Failed to get pending reports
[0529/172103.542:ERROR:prune_crash_reports.cc(34)] PruneCrashReportDatabase: Failed to get pending reports
[0529/181617.719:ERROR:prune_crash_reports.cc(34)] PruneCrashReportDatabase: Failed to get pending reports
[0531/184313.917:ERROR:prune_crash_reports.cc(34)] PruneCrashReportDatabase: Failed to get pending reports
[0531/190418.604:ERROR:prune_crash_reports.cc(34)] PruneCrashReportDatabase: Failed to get pending reports
[0603/201450.818:ERROR:prune_crash_reports.cc(34)] PruneCrashReportDatabase: Failed to get pending reports
[0607/173139.190:ERROR:prune_crash_reports.cc(34)] PruneCrashReportDatabase: Failed to get pending reports
[0610/180115.783:ERROR:prune_crash_reports.cc(34)] PruneCrashReportDatabase: Failed to get pending reports
[0610/184109.826:ERROR:prune_crash_reports.cc(34)] PruneCrashReportDatabase: Failed to get pending reports
[0611/190109.495:ERROR:prune_crash_reports.cc(34)] PruneCrashReportDatabase: Failed to get pending reports
[0613/130425.364:ERROR:prune_crash_reports.cc(34)] PruneCrashReportDatabase: Failed to get pending reports
[0613/142053.054:ERROR:prune_crash_reports.cc(34)] PruneCrashReportDatabase: Failed to get pending reports
[0614/165849.391:ERROR:prune_crash_reports.cc(34)] PruneCrashReportDatabase: Failed to get pending reports
[0715/165707.001:ERROR:prune_crash_reports.cc(34)] PruneCrashReportDatabase: Failed to get pending reports
[0717/113430.914:ERROR:prune_crash_reports.cc(34)] PruneCrashReportDatabase: Failed to get pending reports
[0813/144955.179:ERROR:crash_report_database_win.cc(558)] GetFileAttributes C:\Users\ypooja\AppData\Local\Temp\scoped_dir30456_340962306\Crashpad: The system cannot find the file specified. (0x2)
[0813/150624.670:ERROR:crash_report_database_win.cc(558)] GetFileAttributes C:\Users\ypooja\AppData\Local\Temp\scoped_dir43456_82475120\Crashpad: The system cannot find the file specified. (0x2)
[0813/150809.674:ERROR:crash_report_database_win.cc(558)] GetFileAttributes C:\Users\ypooja\AppData\Local\Temp\scoped_dir43304_361240147\Crashpad: The system cannot find the file specified. (0x2)
[0813/151118.470:ERROR:crash_report_database_win.cc(558)] GetFileAttributes C:\Users\ypooja\AppData\Local\Temp\scoped_dir44300_1906042582\Crashpad: The system cannot find the file specified. (0x2)
[0813/151652.356:ERROR:crash_report_database_win.cc(558)] GetFileAttributes C:\Users\ypooja\AppData\Local\Temp\scoped_dir45116_1073072886\Crashpad: The system cannot find the file specified. (0x2)
[0813/153935.229:ERROR:crash_report_database_win.cc(558)] GetFileAttributes C:\Users\ypooja\AppData\Local\Temp\scoped_dir32696_1711768477\Crashpad: The system cannot find the file specified. (0x2)
[0813/164652.029:ERROR:crash_report_database_win.cc(558)] GetFileAttributes C:\Users\ypooja\AppData\Local\Temp\scoped_dir54804_1628430769\Crashpad: The system cannot find the file specified. (0x2)
[0813/164931.492:ERROR:crash_report_database_win.cc(558)] GetFileAttributes C:\Users\ypooja\AppData\Local\Temp\scoped_dir56476_625695463\Crashpad: The system cannot find the file specified. (0x2)
[0813/170713.431:ERROR:crash_report_database_win.cc(558)] GetFileAttributes C:\Users\ypooja\AppData\Local\Temp\scoped_dir44532_838679825\Crashpad: The system cannot find the file specified. (0x2)
[0813/170954.902:ERROR:crash_report_database_win.cc(558)] GetFileAttributes C:\Users\ypooja\AppData\Local\Temp\scoped_dir56608_732855540\Crashpad: The system cannot find the file specified. (0x2)
[0813/172930.719:ERROR:crash_report_database_win.cc(558)] GetFileAttributes C:\Users\ypooja\AppData\Local\Temp\scoped_dir57500_879195028\Crashpad: The system cannot find the file specified. (0x2)
[0813/173229.851:ERROR:crash_report_database_win.cc(558)] GetFileAttributes C:\Users\ypooja\AppData\Local\Temp\scoped_dir60908_254861891\Crashpad: The system cannot find the file specified. (0x2)
[0821/103524.574:ERROR:crash_report_database_win.cc(558)] GetFileAttributes C:\Users\ypooja\AppData\Local\Temp\scoped_dir33384_900329116\Crashpad: The system cannot find the file specified. (0x2)
[0821/104547.016:ERROR:crash_report_database_win.cc(558)] GetFileAttributes C:\Users\ypooja\AppData\Local\Temp\scoped_dir32268_658376559\Crashpad: The system cannot find the file specified. (0x2)
[0821/105616.911:ERROR:crash_report_database_win.cc(558)] GetFileAttributes C:\Users\ypooja\AppData\Local\Temp\scoped_dir31600_409002048\Crashpad: The system cannot find the file specified. (0x2)
[0821/153022.100:ERROR:crash_report_database_win.cc(558)] GetFileAttributes C:\Users\ypooja\AppData\Local\Temp\scoped_dir55248_2096746710\Crashpad: The system cannot find the file specified. (0x2)
[0822/123237.199:ERROR:crash_report_database_win.cc(558)] GetFileAttributes C:\Users\ypooja\AppData\Local\Temp\scoped_dir50672_1511541595\Crashpad: The system cannot find the file specified. (0x2)
[0826/123333.807:ERROR:crash_report_database_win.cc(558)] GetFileAttributes C:\Users\ypooja\AppData\Local\Temp\scoped_dir4124_1368393754\Crashpad: The system cannot find the file specified. (0x2)
[0827/152435.531:ERROR:crash_report_database_win.cc(558)] GetFileAttributes C:\Users\ypooja\AppData\Local\Temp\scoped_dir55684_1451504789\Crashpad: The system cannot find the file specified. (0x2)
[0827/153028.979:ERROR:crash_report_database_win.cc(558)] GetFileAttributes C:\Users\ypooja\AppData\Local\Temp\scoped_dir49600_1083958561\Crashpad: The system cannot find the file specified. (0x2)
[0827/163059.946:ERROR:crash_report_database_win.cc(558)] GetFileAttributes C:\Users\ypooja\AppData\Local\Temp\scoped_dir65780_2128011052\Crashpad: The system cannot find the file specified. (0x2)
[0827/164344.752:ERROR:crash_report_database_win.cc(558)] GetFileAttributes C:\Users\ypooja\AppData\Local\Temp\scoped_dir64228_1571461130\Crashpad: The system cannot find the file specified. (0x2)
[0827/170015.352:ERROR:crash_report_database_win.cc(558)] GetFileAttributes C:\Users\ypooja\AppData\Local\Temp\scoped_dir68080_210700652\Crashpad: The system cannot find the file specified. (0x2)
[0830/140943.994:ERROR:crash_report_database_win.cc(558)] GetFileAttributes C:\Users\ypooja\AppData\Local\Temp\scoped_dir18672_1078994588\Crashpad: The system cannot find the file specified. (0x2)
[0830/150807.395:ERROR:crash_report_database_win.cc(558)] GetFileAttributes C:\Users\ypooja\AppData\Local\Temp\scoped_dir25868_2068647810\Crashpad: The system cannot find the file specified. (0x2)
[0830/163649.459:ERROR:crash_report_database_win.cc(558)] GetFileAttributes C:\Users\ypooja\AppData\Local\Temp\scoped_dir16224_1927466852\Crashpad: The system cannot find the file specified. (0x2)
[0905/120920.305:ERROR:crash_report_database_win.cc(558)] GetFileAttributes C:\Users\ypooja\AppData\Local\Temp\scoped_dir49680_2050326085\Crashpad: The system cannot find the file specified. (0x2)
[0905/140255.357:ERROR:crash_report_database_win.cc(558)] GetFileAttributes C:\Users\ypooja\AppData\Local\Temp\scoped_dir62784_55982943\Crashpad: The system cannot find the file specified. (0x2)
[0905/141403.510:ERROR:crash_report_database_win.cc(558)] GetFileAttributes C:\Users\ypooja\AppData\Local\Temp\scoped_dir62196_1783184413\Crashpad: The system cannot find the file specified. (0x2)
[0905/155754.713:ERROR:crash_report_database_win.cc(558)] GetFileAttributes C:\Users\ypooja\AppData\Local\Temp\scoped_dir62528_396052342\Crashpad: The system cannot find the file specified. (0x2)
[0905/160040.354:ERROR:crash_report_database_win.cc(558)] GetFileAttributes C:\Users\ypooja\AppData\Local\Temp\scoped_dir67652_267265722\Crashpad: The system cannot find the file specified. (0x2)
[0905/161718.498:ERROR:crash_report_database_win.cc(558)] GetFileAttributes C:\Users\ypooja\AppData\Local\Temp\scoped_dir54164_1035431725\Crashpad: The system cannot find the file specified. (0x2)
[0905/173500.996:ERROR:crash_report_database_win.cc(558)] GetFileAttributes C:\Users\ypooja\AppData\Local\Temp\scoped_dir69024_1780111546\Crashpad: The system cannot find the file specified. (0x2)
[0905/173838.502:ERROR:crash_report_database_win.cc(558)] GetFileAttributes C:\Users\ypooja\AppData\Local\Temp\scoped_dir84276_2043761795\Crashpad: The system cannot find the file specified. (0x2)
[0916/101840.276:ERROR:crash_report_database_win.cc(558)] GetFileAttributes C:\Users\ypooja\AppData\Local\Temp\scoped_dir32544_2686538\Crashpad: The system cannot find the file specified. (0x2)
[0916/102551.563:ERROR:crash_report_database_win.cc(558)] GetFileAttributes C:\Users\ypooja\AppData\Local\Temp\scoped_dir23084_1895672077\Crashpad: The system cannot find the file specified. (0x2)
[0916/102757.091:ERROR:crash_report_database_win.cc(558)] GetFileAttributes C:\Users\ypooja\AppData\Local\Temp\scoped_dir20776_1297683226\Crashpad: The system cannot find the file specified. (0x2)
[0916/103219.538:ERROR:crash_report_database_win.cc(558)] GetFileAttributes C:\Users\ypooja\AppData\Local\Temp\scoped_dir32504_368982970\Crashpad: The system cannot find the file specified. (0x2)
[0916/104740.135:ERROR:crash_report_database_win.cc(558)] GetFileAttributes C:\Users\ypooja\AppData\Local\Temp\scoped_dir21156_1868916168\Crashpad: The system cannot find the file specified. (0x2)
[0916/113905.757:ERROR:crash_report_database_win.cc(558)] GetFileAttributes C:\Users\ypooja\AppData\Local\Temp\scoped_dir35300_526754729\Crashpad: The system cannot find the file specified. (0x2)
[0916/114150.586:ERROR:crash_report_database_win.cc(558)] GetFileAttributes C:\Users\ypooja\AppData\Local\Temp\scoped_dir43212_666597080\Crashpad: The system cannot find the file specified. (0x2)
[0916/114411.337:ERROR:crash_report_database_win.cc(558)] GetFileAttributes C:\Users\ypooja\AppData\Local\Temp\scoped_dir31116_296806011\Crashpad: The system cannot find the file specified. (0x2)
[0916/115145.794:ERROR:crash_report_database_win.cc(558)] GetFileAttributes C:\Users\ypooja\AppData\Local\Temp\scoped_dir33920_253747001\Crashpad: The system cannot find the file specified. (0x2)
[0916/115353.797:ERROR:crash_report_database_win.cc(558)] GetFileAttributes C:\Users\ypooja\AppData\Local\Temp\scoped_dir35300_594964757\Crashpad: The system cannot find the file specified. (0x2)
[0916/120406.027:ERROR:crash_report_database_win.cc(558)] GetFileAttributes C:\Users\ypooja\AppData\Local\Temp\scoped_dir48324_490641143\Crashpad: The system cannot find the file specified. (0x2)
[0916/120727.565:ERROR:crash_report_database_win.cc(558)] GetFileAttributes C:\Users\ypooja\AppData\Local\Temp\scoped_dir51112_1603815597\Crashpad: The system cannot find the file specified. (0x2)
[0916/120917.547:ERROR:crash_report_database_win.cc(558)] GetFileAttributes C:\Users\ypooja\AppData\Local\Temp\scoped_dir44388_1782657092\Crashpad: The system cannot find the file specified. (0x2)
[0918/154613.098:ERROR:crash_report_database_win.cc(558)] GetFileAttributes C:\Users\ypooja\AppData\Local\Temp\scoped_dir106820_642128847\Crashpad: The system cannot find the file specified. (0x2)
[0918/175118.449:ERROR:crash_report_database_win.cc(558)] GetFileAttributes C:\Users\ypooja\AppData\Local\Temp\scoped_dir147548_1286583190\Crashpad: The system cannot find the file specified. (0x2)
[0918/175704.417:ERROR:crash_report_database_win.cc(558)] GetFileAttributes C:\Users\ypooja\AppData\Local\Temp\scoped_dir150264_796090507\Crashpad: The system cannot find the file specified. (0x2)
[0918/181134.160:ERROR:crash_report_database_win.cc(558)] GetFileAttributes C:\Users\ypooja\AppData\Local\Temp\scoped_dir153020_2003343413\Crashpad: The system cannot find the file specified. (0x2)
[0919/143601.589:ERROR:crash_report_database_win.cc(558)] GetFileAttributes C:\Users\ypooja\AppData\Local\Temp\scoped_dir162936_378112299\Crashpad: The system cannot find the file specified. (0x2)
[0919/143956.846:ERROR:crash_report_database_win.cc(558)] GetFileAttributes C:\Users\ypooja\AppData\Local\Temp\scoped_dir11368_484026451\Crashpad: The system cannot find the file specified. (0x2)
[0919/145020.371:ERROR:crash_report_database_win.cc(558)] GetFileAttributes C:\Users\ypooja\AppData\Local\Temp\scoped_dir155784_1590393761\Crashpad: The system cannot find the file specified. (0x2)
[0926/125002.253:ERROR:crash_report_database_win.cc(558)] GetFileAttributes C:\Users\ypooja\AppData\Local\Temp\scoped_dir30540_1765625670\Crashpad: The system cannot find the file specified. (0x2)
[0926/125623.370:ERROR:crash_report_database_win.cc(558)] GetFileAttributes C:\Users\ypooja\AppData\Local\Temp\scoped_dir8024_1454325302\Crashpad: The system cannot find the file specified. (0x2)
[1016/172349.200:ERROR:crash_report_database_win.cc(558)] GetFileAttributes C:\Users\ypooja\AppData\Local\Temp\scoped_dir24828_74375433\Crashpad: The system cannot find the file specified. (0x2)
[1016/180225.333:ERROR:crash_report_database_win.cc(558)] GetFileAttributes C:\Users\ypooja\AppData\Local\Temp\scoped_dir48644_1381926416\Crashpad: The system cannot find the file specified. (0x2)
[1016/190425.795:ERROR:crash_report_database_win.cc(558)] GetFileAttributes C:\Users\ypooja\AppData\Local\Temp\scoped_dir71284_1630206997\Crashpad: The system cannot find the file specified. (0x2)
[1016/191402.315:ERROR:crash_report_database_win.cc(558)] GetFileAttributes C:\Users\ypooja\AppData\Local\Temp\scoped_dir75956_395266659\Crashpad: The system cannot find the file specified. (0x2)
[1017/151234.652:ERROR:crash_report_database_win.cc(558)] GetFileAttributes C:\Users\ypooja\AppData\Local\Temp\scoped_dir93556_198723787\Crashpad: The system cannot find the file specified. (0x2)
[1017/152042.663:ERROR:crash_report_database_win.cc(558)] GetFileAttributes C:\Users\ypooja\AppData\Local\Temp\scoped_dir48284_1330195766\Crashpad: The system cannot find the file specified. (0x2)
[1017/162555.321:ERROR:crash_report_database_win.cc(558)] GetFileAttributes C:\Users\ypooja\AppData\Local\Temp\scoped_dir94796_853233552\Crashpad: The system cannot find the file specified. (0x2)
[1017/180818.265:ERROR:crash_report_database_win.cc(558)] GetFileAttributes C:\Users\ypooja\AppData\Local\Temp\scoped_dir100336_1572241481\Crashpad: The system cannot find the file specified. (0x2)
[1018/145550.190:ERROR:crash_report_database_win.cc(558)] GetFileAttributes C:\Users\ypooja\AppData\Local\Temp\scoped_dir114640_849204187\Crashpad: The system cannot find the file specified. (0x2)
[1018/150423.803:ERROR:crash_report_database_win.cc(558)] GetFileAttributes C:\Users\ypooja\AppData\Local\Temp\scoped_dir104172_1660191272\Crashpad: The system cannot find the file specified. (0x2)
[1018/171230.329:ERROR:crash_report_database_win.cc(558)] GetFileAttributes C:\Users\ypooja\AppData\Local\Temp\scoped_dir148232_418763410\Crashpad: The system cannot find the file specified. (0x2)
[1018/172203.788:ERROR:crash_report_database_win.cc(558)] GetFileAttributes C:\Users\ypooja\AppData\Local\Temp\scoped_dir143064_1827592415\Crashpad: The system cannot find the file specified. (0x2)
[1021/182123.215:ERROR:crash_report_database_win.cc(558)] GetFileAttributes C:\Users\ypooja\AppData\Local\Temp\scoped_dir48016_1232582734\Crashpad: The system cannot find the file specified. (0x2)
[1031/161807.368:ERROR:crash_report_database_win.cc(558)] GetFileAttributes C:\Users\ypooja\AppData\Local\Temp\scoped_dir60624_769926106\Crashpad: The system cannot find the file specified. (0x2)
[1106/154634.694:ERROR:crash_report_database_win.cc(558)] GetFileAttributes C:\Users\ypooja\AppData\Local\Temp\scoped_dir219804_924771253\Crashpad: The system cannot find the file specified. (0x2)
[0213/174659.044:ERROR:crash_report_database_win.cc(558)] GetFileAttributes C:\Users\BIPATT~1\AppData\Local\Temp\scoped_dir640_1908148377\Crashpad: The system cannot find the file specified. (0x2)
[0213/174723.600:ERROR:crash_report_database_win.cc(558)] GetFileAttributes C:\Users\BIPATT~1\AppData\Local\Temp\scoped_dir8484_108550965\Crashpad: The system cannot find the file specified. (0x2)
[0214/144621.563:ERROR:crash_report_database_win.cc(558)] GetFileAttributes C:\Users\BIPATT~1\AppData\Local\Temp\scoped_dir9000_2079709217\Crashpad: The system cannot find the file specified. (0x2)
[0217/122356.179:ERROR:prune_crash_reports.cc(35)] PruneCrashReportDatabase: Failed to get pending reports
